# JRE version: OpenJDK Runtime Environment (12.0.1) (build 12.0.1-internal+0-adhoc.root.jdk12.0.1)
# Java VM: OpenJDK 64-Bit Server VM (12.0.1-internal+0-adhoc.root.jdk12.0.1, mixed mode, tiered, compressed oops, serial gc, linux-amd64)
Heap:
 def new generation   total 9792K, used 9127K [0x00000000e0000000, 0x00000000e0aa0000, 0x00000000eaaa0000)
  eden space 8704K,  99% used [0x00000000e0000000, 0x00000000e087f8d0, 0x00000000e0880000)
  from space 1088K,  39% used [0x00000000e0880000, 0x00000000e08ea5e8, 0x00000000e0990000)
  to   space 1088K,  20% used [0x00000000e0990000, 0x00000000e09c69f8, 0x00000000e0aa0000)
 tenured generation   total 21888K, used 1081K [0x00000000eaaa0000, 0x00000000ec000000, 0x0000000100000000)
   the space 21888K,   4% used [0x00000000eaaa0000, 0x00000000eabae478, 0x00000000eabae600, 0x00000000ec000000)
 Metaspace       used 7995K, capacity 8187K, committed 8320K, reserved 1056768K
  class space    used 789K, capacity 878K, committed 896K, reserved 1048576K
GC Heap History (5 events):
Event: 1.935 GC heap before
{Heap before GC invocations=0 (full 0):
 def new generation   total 9792K, used 8704K [0x00000000e0000000, 0x00000000e0aa0000, 0x00000000eaaa0000)
  eden space 8704K, 100% used [0x00000000e0000000, 0x00000000e0880000, 0x00000000e0880000)
  from space 1088K,   0% used [0x00000000e0880000, 0x00000000e0880000, 0x00000000e0990000)
  to   space 1088K,   0% used [0x00000000e0990000, 0x00000000e0990000, 0x00000000e0aa0000)
 tenured generation   total 21888K, used 0K [0x00000000eaaa0000, 0x00000000ec000000, 0x0000000100000000)
   the space 21888K,   0% used [0x00000000eaaa0000, 0x00000000eaaa0000, 0x00000000eaaa0200, 0x00000000ec000000)
 Metaspace       used 7267K, capacity 7456K, committed 7552K, reserved 1056768K
  class space    used 723K, capacity 805K, committed 896K, reserved 1048576K
}
Event: 1.941 GC heap after
{Heap after GC invocations=1 (full 0):
 def new generation   total 9792K, used 1088K [0x00000000e0000000, 0x00000000e0aa0000, 0x00000000eaaa0000)
  eden space 8704K,   0% used [0x00000000e0000000, 0x00000000e0000000, 0x00000000e0880000)
  from space 1088K, 100% used [0x00000000e0990000, 0x00000000e0aa0000, 0x00000000e0aa0000)
  to   space 1088K,   0% used [0x00000000e0880000, 0x00000000e0880000, 0x00000000e0990000)
 tenured generation   total 21888K, used 10K [0x00000000eaaa0000, 0x00000000ec000000, 0x0000000100000000)
   the space 21888K,   0% used [0x00000000eaaa0000, 0x00000000eaaa2b80, 0x00000000eaaa2c00, 0x00000000ec000000)
 Metaspace       used 7267K, capacity 7456K, committed 7552K, reserved 1056768K
  class space    used 723K, capacity 805K, committed 896K, reserved 1048576K
}
Event: 2.113 GC heap before
{Heap before GC invocations=1 (full 0):
 def new generation   total 9792K, used 9791K [0x00000000e0000000, 0x00000000e0aa0000, 0x00000000eaaa0000)
  eden space 8704K,  99% used [0x00000000e0000000, 0x00000000e087fde0, 0x00000000e0880000)
  from space 1088K, 100% used [0x00000000e0990000, 0x00000000e0aa0000, 0x00000000e0aa0000)
  to   space 1088K,   0% used [0x00000000e0880000, 0x00000000e0880000, 0x00000000e0990000)
 tenured generation   total 21888K, used 10K [0x00000000eaaa0000, 0x00000000ec000000, 0x0000000100000000)
   the space 21888K,   0% used [0x00000000eaaa0000, 0x00000000eaaa2b80, 0x00000000eaaa2c00, 0x00000000ec000000)
 Metaspace       used 7994K, capacity 8187K, committed 8320K, reserved 1056768K
  class space    used 789K, capacity 878K, committed 896K, reserved 1048576K
}
Event: 2.118 GC heap after
{Heap after GC invocations=2 (full 0):
 def new generation   total 9792K, used 425K [0x00000000e0000000, 0x00000000e0aa0000, 0x00000000eaaa0000)
  eden space 8704K,   0% used [0x00000000e0000000, 0x00000000e0000000, 0x00000000e0880000)
  from space 1088K,  39% used [0x00000000e0880000, 0x00000000e08ea5e8, 0x00000000e0990000)
  to   space 1088K,   0% used [0x00000000e0990000, 0x00000000e0990000, 0x00000000e0aa0000)
 tenured generation   total 21888K, used 1081K [0x00000000eaaa0000, 0x00000000ec000000, 0x0000000100000000)
   the space 21888K,   4% used [0x00000000eaaa0000, 0x00000000eabae478, 0x00000000eabae600, 0x00000000ec000000)
 Metaspace       used 7994K, capacity 8187K, committed 8320K, reserved 1056768K
  class space    used 789K, capacity 878K, committed 896K, reserved 1048576K
}
Event: 2.465 GC heap before
{Heap before GC invocations=2 (full 0):
 def new generation   total 9792K, used 9127K [0x00000000e0000000, 0x00000000e0aa0000, 0x00000000eaaa0000)
  eden space 8704K,  99% used [0x00000000e0000000, 0x00000000e087f8d0, 0x00000000e0880000)
  from space 1088K,  39% used [0x00000000e0880000, 0x00000000e08ea5e8, 0x00000000e0990000)
  to   space 1088K,   0% used [0x00000000e0990000, 0x00000000e0990000, 0x00000000e0aa0000)
 tenured generation   total 21888K, used 1081K [0x00000000eaaa0000, 0x00000000ec000000, 0x0000000100000000)
   the space 21888K,   4% used [0x00000000eaaa0000, 0x00000000eabae478, 0x00000000eabae600, 0x00000000ec000000)
 Metaspace       used 7995K, capacity 8187K, committed 8320K, reserved 1056768K
  class space    used 789K, capacity 878K, committed 896K, reserved 1048576K
}

